-------------------------------------------------------------------------------
Test set: com.TahaHussein.bookstore.repository.BookRepositoryTest
-------------------------------------------------------------------------------
Tests run: 1, Failures: 0, Errors: 1, Skipped: 0, Time elapsed: 1.882 sec <<< FAILURE! - in com.TahaHussein.bookstore.repository.BookRepositoryTest
com.TahaHussein.bookstore.repository.BookRepositoryTest  Time elapsed: 1.881 sec  <<< ERROR!
org.jboss.arquillian.container.spi.client.container.DeploymentException: Cannot deploy: test.war
Caused by: java.net.ConnectException: Connection refused

